# JRE version: Java(TM) SE Runtime Environment (7.0_55-b13) (build 1.7.0_55-b13)
# Java VM: Java HotSpot(TM) 64-Bit Server VM (24.55-b03 mixed mode bsd-amd64 compressed oops)
Heap
 PSYoungGen      total 203264K, used 133169K [0x00000007eaa80000, 0x00000007faa80000, 0x0000000800000000)
  eden space 177152K, 71% used [0x00000007eaa80000,0x00000007f259e610,0x00000007f5780000)
  from space 26112K, 27% used [0x00000007f5780000,0x00000007f5e6df38,0x00000007f7100000)
  to   space 25600K, 0% used [0x00000007f9180000,0x00000007f9180000,0x00000007faa80000)
 ParOldGen       total 73216K, used 44885K [0x00000007c0000000, 0x00000007c4780000, 0x00000007eaa80000)
  object space 73216K, 61% used [0x00000007c0000000,0x00000007c2bd5438,0x00000007c4780000)
 PSPermGen       total 54784K, used 54412K [0x00000007bae00000, 0x00000007be380000, 0x00000007c0000000)
  object space 54784K, 99% used [0x00000007bae00000,0x00000007be323210,0x00000007be380000)
GC Heap History (10 events):
Event: 27,565 GC heap before
{Heap before GC invocations=19 (full 1):
 PSYoungGen      total 134144K, used 134131K [0x00000007eaa80000, 0x00000007f6e00000, 0x0000000800000000)
  eden space 114176K, 100% used [0x00000007eaa80000,0x00000007f1a00000,0x00000007f1a00000)
  from space 19968K, 99% used [0x00000007f1a00000,0x00000007f2d7cc68,0x00000007f2d80000)
  to   space 27136K, 0% used [0x00000007f5380000,0x00000007f5380000,0x00000007f6e00000)
 ParOldGen       total 60928K, used 43713K [0x00000007c0000000, 0x00000007c3b80000, 0x00000007eaa80000)
  object space 60928K, 71% used [0x00000007c0000000,0x00000007c2ab06e0,0x00000007c3b80000)
 PSPermGen       total 41984K, used 27316K [0x00000007bae00000, 0x00000007bd700000, 0x00000007c0000000)
  object space 41984K, 65% used [0x00000007bae00000,0x00000007bc8ad0a8,0x00000007bd700000)
Event: 27,599 GC heap after
Heap after GC invocations=19 (full 1):
 PSYoungGen      total 172544K, used 16856K [0x00000007eaa80000, 0x00000007f7200000, 0x0000000800000000)
  eden space 145408K, 0% used [0x00000007eaa80000,0x00000007eaa80000,0x00000007f3880000)
  from space 27136K, 62% used [0x00000007f5380000,0x00000007f63f6138,0x00000007f6e00000)
  to   space 27648K, 0% used [0x00000007f3880000,0x00000007f3880000,0x00000007f5380000)
 ParOldGen       total 60928K, used 53311K [0x00000007c0000000, 0x00000007c3b80000, 0x00000007eaa80000)
  object space 60928K, 87% used [0x00000007c0000000,0x00000007c340fed8,0x00000007c3b80000)
 PSPermGen       total 41984K, used 27316K [0x00000007bae00000, 0x00000007bd700000, 0x00000007c0000000)
  object space 41984K, 65% used [0x00000007bae00000,0x00000007bc8ad0a8,0x00000007bd700000)
}
Event: 27,599 GC heap before
{Heap before GC invocations=20 (full 2):
 PSYoungGen      total 172544K, used 16856K [0x00000007eaa80000, 0x00000007f7200000, 0x0000000800000000)
  eden space 145408K, 0% used [0x00000007eaa80000,0x00000007eaa80000,0x00000007f3880000)
  from space 27136K, 62% used [0x00000007f5380000,0x00000007f63f6138,0x00000007f6e00000)
  to   space 27648K, 0% used [0x00000007f3880000,0x00000007f3880000,0x00000007f5380000)
 ParOldGen       total 60928K, used 53311K [0x00000007c0000000, 0x00000007c3b80000, 0x00000007eaa80000)
  object space 60928K, 87% used [0x00000007c0000000,0x00000007c340fed8,0x00000007c3b80000)
 PSPermGen       total 41984K, used 27316K [0x00000007bae00000, 0x00000007bd700000, 0x00000007c0000000)
  object space 41984K, 65% used [0x00000007bae00000,0x00000007bc8ad0a8,0x00000007bd700000)
Event: 27,700 GC heap after
Heap after GC invocations=20 (full 2):
 PSYoungGen      total 172544K, used 0K [0x00000007eaa80000, 0x00000007f7200000, 0x0000000800000000)
  eden space 145408K, 0% used [0x00000007eaa80000,0x00000007eaa80000,0x00000007f3880000)
  from space 27136K, 0% used [0x00000007f5380000,0x00000007f5380000,0x00000007f6e00000)
  to   space 27648K, 0% used [0x00000007f3880000,0x00000007f3880000,0x00000007f5380000)
 ParOldGen       total 73216K, used 33173K [0x00000007c0000000, 0x00000007c4780000, 0x00000007eaa80000)
  object space 73216K, 45% used [0x00000007c0000000,0x00000007c20655c0,0x00000007c4780000)
 PSPermGen       total 51712K, used 27312K [0x00000007bae00000, 0x00000007be080000, 0x00000007c0000000)
  object space 51712K, 52% used [0x00000007bae00000,0x00000007bc8ac248,0x00000007be080000)
}
Event: 34,950 GC heap before
{Heap before GC invocations=21 (full 2):
 PSYoungGen      total 172544K, used 145408K [0x00000007eaa80000, 0x00000007f7200000, 0x0000000800000000)
  eden space 145408K, 100% used [0x00000007eaa80000,0x00000007f3880000,0x00000007f3880000)
  from space 27136K, 0% used [0x00000007f5380000,0x00000007f5380000,0x00000007f6e00000)
  to   space 27648K, 0% used [0x00000007f3880000,0x00000007f3880000,0x00000007f5380000)
 ParOldGen       total 73216K, used 33173K [0x00000007c0000000, 0x00000007c4780000, 0x00000007eaa80000)
  object space 73216K, 45% used [0x00000007c0000000,0x00000007c20655c0,0x00000007c4780000)
 PSPermGen       total 51712K, used 39414K [0x00000007bae00000, 0x00000007be080000, 0x00000007c0000000)
  object space 51712K, 76% used [0x00000007bae00000,0x00000007bd47db78,0x00000007be080000)
Event: 34,973 GC heap after
Heap after GC invocations=21 (full 2):
 PSYoungGen      total 173056K, used 13424K [0x00000007eaa80000, 0x00000007f8e80000, 0x0000000800000000)
  eden space 145408K, 0% used [0x00000007eaa80000,0x00000007eaa80000,0x00000007f3880000)
  from space 27648K, 48% used [0x00000007f3880000,0x00000007f459c1a0,0x00000007f5380000)
  to   space 26624K, 0% used [0x00000007f7480000,0x00000007f7480000,0x00000007f8e80000)
 ParOldGen       total 73216K, used 33173K [0x00000007c0000000, 0x00000007c4780000, 0x00000007eaa80000)
  object space 73216K, 45% used [0x00000007c0000000,0x00000007c20655c0,0x00000007c4780000)
 PSPermGen       total 51712K, used 39414K [0x00000007bae00000, 0x00000007be080000, 0x00000007c0000000)
  object space 51712K, 76% used [0x00000007bae00000,0x00000007bd47db78,0x00000007be080000)
}
Event: 40,673 GC heap before
{Heap before GC invocations=22 (full 2):
 PSYoungGen      total 173056K, used 158832K [0x00000007eaa80000, 0x00000007f8e80000, 0x0000000800000000)
  eden space 145408K, 100% used [0x00000007eaa80000,0x00000007f3880000,0x00000007f3880000)
  from space 27648K, 48% used [0x00000007f3880000,0x00000007f459c1a0,0x00000007f5380000)
  to   space 26624K, 0% used [0x00000007f7480000,0x00000007f7480000,0x00000007f8e80000)
 ParOldGen       total 73216K, used 33173K [0x00000007c0000000, 0x00000007c4780000, 0x00000007eaa80000)
  object space 73216K, 45% used [0x00000007c0000000,0x00000007c20655c0,0x00000007c4780000)
 PSPermGen       total 51712K, used 49533K [0x00000007bae00000, 0x00000007be080000, 0x00000007c0000000)
  object space 51712K, 95% used [0x00000007bae00000,0x00000007bde5f400,0x00000007be080000)
Event: 40,694 GC heap after
Heap after GC invocations=22 (full 2):
 PSYoungGen      total 199680K, used 15050K [0x00000007eaa80000, 0x00000007f8a80000, 0x0000000800000000)
  eden space 177152K, 0% used [0x00000007eaa80000,0x00000007eaa80000,0x00000007f5780000)
  from space 22528K, 66% used [0x00000007f7480000,0x00000007f83329d0,0x00000007f8a80000)
  to   space 26112K, 0% used [0x00000007f5780000,0x00000007f5780000,0x00000007f7100000)
 ParOldGen       total 73216K, used 36945K [0x00000007c0000000, 0x00000007c4780000, 0x00000007eaa80000)
  object space 73216K, 50% used [0x00000007c0000000,0x00000007c2414570,0x00000007c4780000)
 PSPermGen       total 51712K, used 49533K [0x00000007bae00000, 0x00000007be080000, 0x00000007c0000000)
  object space 51712K, 95% used [0x00000007bae00000,0x00000007bde5f400,0x00000007be080000)
}
Event: 424,164 GC heap before
{Heap before GC invocations=23 (full 2):
 PSYoungGen      total 199680K, used 192202K [0x00000007eaa80000, 0x00000007f8a80000, 0x0000000800000000)
  eden space 177152K, 100% used [0x00000007eaa80000,0x00000007f5780000,0x00000007f5780000)
  from space 22528K, 66% used [0x00000007f7480000,0x00000007f83329d0,0x00000007f8a80000)
  to   space 26112K, 0% used [0x00000007f5780000,0x00000007f5780000,0x00000007f7100000)
 ParOldGen       total 73216K, used 36945K [0x00000007c0000000, 0x00000007c4780000, 0x00000007eaa80000)
  object space 73216K, 50% used [0x00000007c0000000,0x00000007c2414570,0x00000007c4780000)
 PSPermGen       total 53760K, used 53715K [0x00000007bae00000, 0x00000007be280000, 0x00000007c0000000)
  object space 53760K, 99% used [0x00000007bae00000,0x00000007be274f98,0x00000007be280000)
Event: 424,182 GC heap after
Heap after GC invocations=23 (full 2):
 PSYoungGen      total 203264K, used 7095K [0x00000007eaa80000, 0x00000007faa80000, 0x0000000800000000)
  eden space 177152K, 0% used [0x00000007eaa80000,0x00000007eaa80000,0x00000007f5780000)
  from space 26112K, 27% used [0x00000007f5780000,0x00000007f5e6df38,0x00000007f7100000)
  to   space 25600K, 0% used [0x00000007f9180000,0x00000007f9180000,0x00000007faa80000)
 ParOldGen       total 73216K, used 44885K [0x00000007c0000000, 0x00000007c4780000, 0x00000007eaa80000)
  object space 73216K, 61% used [0x00000007c0000000,0x00000007c2bd5438,0x00000007c4780000)
 PSPermGen       total 53760K, used 53715K [0x00000007bae00000, 0x00000007be280000, 0x00000007c0000000)
  object space 53760K, 99% used [0x00000007bae00000,0x00000007be274f98,0x00000007be280000)
}

